<?xml version="1.0" encoding="UTF-8"?>
<beans xmlns="http://www.springframework.org/schema/beans" xmlns:context="http://www.springframework.org/schema/context"
  xmlns:xsi="http://www.w3.org/2001/XMLSchema-instance"
  xsi:schemaLocation="
           http://www.springframework.org/schema/beans https://www.springframework.org/schema/beans/spring-beans.xsd
           http://www.springframework.org/schema/context https://www.springframework.org/schema/context/spring-context.xsd
      ">

  <context:property-placeholder location="classpath*:/META-INF/spring/*.properties" />

  <import resource="classpath:META-INF/spring/terasoluna-tourreservation-domain.xml" />

  <bean id="jdbcTemplate" class="org.springframework.jdbc.core.JdbcTemplate">
    <property name="dataSource" ref="dataSource" />
  </bean>

  <bean id="namedParameterJdbcTemplate" class="org.springframework.jdbc.core.namedparam.NamedParameterJdbcTemplate">
    <constructor-arg>
      <ref bean="jdbcTemplate" />
    </constructor-arg>
  </bean>

  <bean id="passwordEncoder" class="org.springframework.security.crypto.password.DelegatingPasswordEncoder">
    <constructor-arg name="idForEncode" value="pbkdf2" />
    <constructor-arg name="idToPasswordEncoder">
      <map>
        <entry key="pbkdf2">
          <bean class="org.springframework.security.crypto.password.Pbkdf2PasswordEncoder" />
        </entry>
        <entry key="bcrypt">
          <bean class="org.springframework.security.crypto.bcrypt.BCryptPasswordEncoder" />
        </entry>
        <!-- When using commented out PasswordEncoders, you need to add bcprov-jdk15on.jar to the dependency.
        <entry key="argon2">
          <bean class="org.springframework.security.crypto.argon2.Argon2PasswordEncoder" />
        </entry>
        <entry key="scrypt">
          <bean class="org.springframework.security.crypto.scrypt.SCryptPasswordEncoder" />
        </entry>
        -->
      </map>
    </constructor-arg>
  </bean>

  <bean id="exceptionLogger" class="org.terasoluna.gfw.common.exception.ExceptionLogger" />

  <bean class="com.github.dozermapper.spring.DozerBeanMapperFactoryBean">
    <property name="mappingFiles" value="classpath*:/META-INF/dozer/**/*-mapping.xml" />
  </bean>

</beans>
